20180507 21:55:29:   xjcarter HOU|PIT|DEN|WAS|BUF|JAX|DAL|NO|GB|CLE|PHI|DET
20180507 21:55:34:   xjcarter HOU|PIT|DEN|WAS|BUF|JAX|DAL|NO|GB|CLE|PHI|LAC
20180507 21:55:37:   xjcarter HOU|PIT|DEN|WAS|BUF|JAX|DAL|NO|GB|CLE|PHI|OAK
20180507 21:55:39:   xjcarter HOU|PIT|DEN|WAS|BUF|JAX|DAL|NO|GB|CLE|PHI|SF
20180507 22:00:40:   xjcarter HOU|PIT|DEN|WAS|BUF|JAX|DAL|NO|GB|CLE|PHI [SF] ALIVE
20180507 22:03:50:   xjcarter HOU|PIT|DEN|WAS|BUF|JAX|DAL|NO|GB|CLE|PHI|LAR
20180507 22:03:59:   xjcarter HOU|PIT|DEN|WAS|BUF|JAX|DAL|NO|GB|CLE|PHI|NE
20180507 22:15:23:   xjcarter HOU|PIT|DEN|WAS|BUF|JAX|DAL|NO|GB|CLE|PHI [NE] ALIVE
20180507 22:15:28:   xjcarter HOU|PIT|DEN|WAS|BUF|JAX|DAL|NO|GB|CLE|PHI [BAL]
20180509 22:33:59:   xjcarter HOU|PIT|DEN|WAS|BUF|JAX|DAL|NO|GB|CLE|PHI [BAL] 12 ALIVE
20180509 22:34:10:   xjcarter HOU|PIT|DEN|WAS|BUF|JAX|DAL|NO|GB|CLE|PHI [SF]
20180509 22:34:13:   xjcarter HOU|PIT|DEN|WAS|BUF|JAX|DAL|NO|GB|CLE|PHI [CIN]
20180509 22:34:18:   xjcarter HOU|PIT|DEN|WAS|BUF|JAX|DAL|NO|GB|CLE|PHI [CHI]
20180509 22:34:29:   xjcarter HOU|PIT|DEN|WAS|BUF|JAX|DAL|NO|GB|CLE|PHI [LAR]
20180509 22:34:35:   xjcarter HOU|PIT|DEN|WAS|BUF|JAX|DAL|NO|GB|CLE|PHI [BAL]
20180517 23:51:02:    bobby10 HOU|PIT|DEN|WAS|BUF|JAX|DAL|NO|GB|CLE|ATL [] 12 ALIVE
20180520 19:59:35:    duchess XXX|XXX [] 12 DEAD
20180520 20:50:40:   xjcarter HOU|PIT|DEN|WAS|BUF|JAX|DAL|NO|GB|CLE|PHI [BAL] 12 ALIVE
20180520 21:07:16:   xjcarter HOU|PIT|DEN|WAS|BUF|JAX|DAL|NO|GB|CLE|PHI [BAL] 12 ALIVE
20180520 21:08:40:   xjcarter HOU|PIT|DEN|WAS|BUF|JAX|DAL|NO|GB|CLE|PHI [BAL] 12 ALIVE
20180520 21:11:02:   xjcarter HOU|PIT|DEN|WAS|BUF|JAX|DAL|NO|GB|CLE|PHI [BAL] 12 ALIVE
20180520 22:46:09:   xjcarter HOU|PIT|DEN|WAS|BUF|JAX|DAL|NO|GB|CLE|PHI [NE]
20180520 22:46:10:   xjcarter HOU|PIT|DEN|WAS|BUF|JAX|DAL|NO|GB|CLE|PHI [DET]
20180520 22:46:10:   xjcarter HOU|PIT|DEN|WAS|BUF|JAX|DAL|NO|GB|CLE|PHI [CAR]
20180520 22:46:19:   xjcarter HOU|PIT|DEN|WAS|BUF|JAX|DAL|NO|GB|CLE|PHI [ARI]
20180520 22:46:25:   xjcarter HOU|PIT|DEN|WAS|BUF|JAX|DAL|NO|GB|CLE|PHI [IND]
20180520 22:46:27:   xjcarter HOU|PIT|DEN|WAS|BUF|JAX|DAL|NO|GB|CLE|PHI [NYJ]
20180520 22:46:30:   xjcarter HOU|PIT|DEN|WAS|BUF|JAX|DAL|NO|GB|CLE|PHI [LAC]
20180520 22:46:36:   xjcarter HOU|PIT|DEN|WAS|BUF|JAX|DAL|NO|GB|CLE|PHI [TB]
20180520 22:46:43:   xjcarter HOU|PIT|DEN|WAS|BUF|JAX|DAL|NO|GB|CLE|PHI [SF]
20180520 22:47:21:   xjcarter HOU|PIT|DEN|WAS|BUF|JAX|DAL|NO|GB|CLE|PHI [LAR]
20180520 22:47:29:   xjcarter HOU|PIT|DEN|WAS|BUF|JAX|DAL|NO|GB|CLE|PHI [TEN]
20180520 22:47:35:   xjcarter HOU|PIT|DEN|WAS|BUF|JAX|DAL|NO|GB|CLE|PHI [SEA]
20180520 22:52:09:   xjcarter HOU|PIT|DEN|WAS|BUF|JAX|DAL|NO|GB|CLE|PHI [ARI]
20180520 22:52:16:   xjcarter HOU|PIT|DEN|WAS|BUF|JAX|DAL|NO|GB|CLE|PHI [NYG]
20180520 22:53:43:   xjcarter HOU|PIT|DEN|WAS|BUF|JAX|DAL|NO|GB|CLE|PHI [MIN]
20180520 22:54:34:   xjcarter HOU|PIT|DEN|WAS|BUF|JAX|DAL|NO|GB|CLE|PHI [NYG]
20180520 22:54:36:   xjcarter HOU|PIT|DEN|WAS|BUF|JAX|DAL|NO|GB|CLE|PHI [NE]
20180525 06:53:11:   deadpool  [] 01 ALIVE
20180525 06:53:45:   deadpool  [NYG]
20180525 06:54:31:   deadpool NYG [] 02 ALIVE
20180525 07:02:15:   deadpool NYG [] 02 ALIVE
20180525 07:06:39:   deadpool NYG [DAL]
20180525 07:07:12:   deadpool NYG|DAL [] 03 ALIVE
20180525 07:28:12:   deadpool  [] 01 ALIVE
20180525 07:28:25:   deadpool  [DAL]
20180525 07:28:48:   deadpool DAL [] 02 ALIVE
20180525 07:30:15:   deadpool  [] 01 ALIVE
20180525 07:30:29:   deadpool  [NYG]
20180525 07:30:52:   deadpool NYG [] 02 ALIVE
20180525 07:31:00:   deadpool NYG [DAL]
20180525 07:31:34:   deadpool NYG|DAL [] 03 ALIVE
20180525 07:39:44:   deadpool  [] 01 ALIVE
20180525 07:40:18:   deadpool  [NYG]
20180525 07:40:56:   deadpool NYG [] 02 ALIVE
20180525 07:41:09:   deadpool NYG [DAL]
20180525 07:41:31:   deadpool NYG|DAL [] 03 ALIVE
20180525 07:42:04:   deadpool NYG|DAL|PHI|TEN|NYJ|WAS|PIT|CAR [] 09 WINNER
20180525 07:58:56:   deadpool  [NYG] 01 ALIVE
20180525 07:59:32:   deadpool NYG [DAL] 02 ALIVE
20180525 08:00:04:   deadpool NYG|DAL [PHI] 03 ALIVE
20180525 08:00:50:   deadpool NYG|DAL|PHI|TEN|NYJ|WAS|PIT|CAR [] 09 WINNER
20180525 08:03:35:   deadpool  [NYG] 01 ALIVE
20180525 08:04:00:   deadpool NYG [DAL] 02 ALIVE
20180525 08:04:38:   deadpool NYG|DAL [PHI] 03 ALIVE
20180525 08:05:52:   deadpool NYG|DAL|PHI|TEN|NYJ|WAS|PIT|CAR [BAL] 09 ALIVE
20180525 08:07:17:   deadpool NYG|DAL|PHI|TEN|NYJ|WAS|PIT|CAR|BAL [] 10 DEAD
20180525 08:08:43:   deadpool NYG|DAL|PHI|TEN|NYJ|WAS|PIT|CAR|ARI|SEA|GB|LAR|CLE|TB|DEN|ATL|KC [] 18 WINNER
20180525 08:26:24:   deadpool NYG|DAL|PHI|TEN|NYJ|WAS|PIT|CAR|ARI|SEA|GB|LAR|CLE|TB|DEN|ATL|KC [] 18 WINNER
20180525 08:32:44:   deadpool NYG|DAL|PHI|TEN|NYJ|WAS|PIT|CAR|ARI|SEA|GB|LAR|CLE|TB|DEN|ATL|KC [] 18 WINNER
20180525 08:34:37:   deadpool NYG|DAL|PHI|TEN|NYJ|WAS|PIT|CAR|ARI|SEA|GB|LAR|CLE|TB|DEN|ATL|KC [] 18 WINNER
20180525 08:36:03:   deadpool NYG|DAL|PHI|TEN|NYJ|WAS|PIT|CAR|ARI|SEA|GB|LAR|CLE|TB|DEN|ATL|KC [] 18 WINNER
20180525 08:37:03:   deadpool NYG|DAL|PHI|TEN|NYJ|WAS|PIT|CAR|ARI|SEA|GB|LAR|CLE|TB|DEN|ATL|KC [] 18 WINNER
20180525 08:37:35:   deadpool NYG|DAL|PHI|TEN|NYJ|WAS|PIT|CAR|ARI|SEA|GB|LAR|CLE|TB|DEN|ATL|KC [] 18 WINNER
20180525 08:40:05:   deadpool NYG|DAL|PHI|TEN|NYJ|WAS|PIT|CAR|ARI|SEA|GB|LAR|CLE|TB|DEN|ATL|KC [] 18 WINNER
20180525 08:46:34:   deadpool NYG|DAL|PHI|TEN|NYJ|WAS|PIT|CAR|ARI|SEA|GB|LAR|CLE|TB|DEN|ATL|KC [] 18 WINNER
20180525 08:48:25:   deadpool NYG|DAL|PHI|TEN|NYJ|WAS|PIT|CAR|ARI|SEA|GB|LAR|CLE|TB|DEN|ATL|KC [] 18 WINNER
20180525 08:48:37:   deadpool NYG|DAL|PHI|TEN|NYJ|WAS|PIT|CAR|ARI|SEA|GB|LAR|CLE|TB|DEN|ATL|KC [] 18 WINNER
20180525 08:50:17:   deadpool NYG|DAL|PHI|TEN|NYJ|WAS|PIT|CAR|ARI|SEA|GB|LAR|CLE|TB|DEN|ATL|KC [] 18 WINNER
20180525 08:51:31:   deadpool NYG|DAL|PHI|TEN|NYJ|WAS|PIT|CAR|ARI|SEA|GB|LAR|CLE|TB|DEN|ATL|KC [] 18 WINNER
20180525 08:52:12:   deadpool NYG|DAL|PHI|TEN|NYJ|WAS|PIT|CAR|ARI|SEA|GB|LAR|CLE|TB|DEN|ATL|KC [] 18 WINNER
20180525 08:53:25:   deadpool NYG|DAL|PHI|TEN|NYJ|WAS|PIT|CAR|ARI|SEA|GB|LAR|CLE|TB|DEN|ATL|KC [] 18 WINNER
20180525 09:11:03:    thanos1  [] 01 ALIVE
20180525 09:11:20:    thanos1  [NYG]
20180525 09:16:39:    thanos1 NYG [] 02 ALIVE
20180525 09:16:58:    thanos1 NYG [DAL]
20180525 09:17:21:    thanos1 NYG|DAL [] 03 ALIVE
20180525 09:18:25:    thanos1 NYG|DAL|PHI|TEN|NYJ|WAS|PIT|CAR [BAL] 09 ALIVE
20180525 09:19:28:    thanos1 NYG|DAL|PHI|TEN|NYJ|WAS|PIT|CAR [JAX]
20180525 09:19:29:    thanos1 NYG|DAL|PHI|TEN|NYJ|WAS|PIT|CAR [HOU]
20180525 09:19:31:    thanos1 NYG|DAL|PHI|TEN|NYJ|WAS|PIT|CAR [DET]
20180525 09:19:52:    thanos1 NYG|DAL|PHI|TEN|NYJ|WAS|PIT|CAR [BAL]
20180525 09:20:22:    thanos1 NYG|DAL|PHI|TEN|NYJ|WAS|PIT|CAR|BAL [] 10 DEAD
20180525 09:24:48:    thanos1 NYG|DAL|PHI|TEN|NYJ|WAS|PIT|CAR|ARI|SEA|GB|LAR|CLE|TB|DEN|ATL|KC [] 18 WINNER
20180525 10:14:56:  wolverine XXX|XXX [] 09 DEAD
20180525 10:17:12:  wolverine  [] 01 ALIVE
20180525 10:17:22:  wolverine  [NYG]
20180525 10:17:50:  wolverine NYG [] 02 ALIVE
20180525 10:18:04:  wolverine NYG [DAL]
20180525 10:18:28:  wolverine NYG|DAL [] 03 ALIVE
20180525 10:18:57:  wolverine NYG|DAL|PHI|TEN|NYJ|WAS|PIT|CAR [BAL] 09 ALIVE
20180525 10:22:02:  wolverine NYG|DAL|PHI|TEN|NYJ|WAS|PIT|CAR|BAL [] 10 DEAD
20180525 10:22:44:  wolverine NYG|DAL|PHI|TEN|NYJ|WAS|PIT|CAR|ARI|SEA|GB|LAR|CLE|TB|DEN|ATL|KC [] 18 WINNER
20180525 10:30:51:    thomas1  [] 01 ALIVE
20180525 10:31:00:    thomas1  [NYG]
20180525 10:31:38:    thomas1 NYG [] 02 ALIVE
20180525 10:32:18:    thomas1 NYG [DAL]
20180525 10:32:43:    thomas1 NYG|DAL [] 03 ALIVE
20180525 10:33:42:    thomas1 NYG|DAL|PHI|TEN|NYJ|WAS|PIT|CAR [BAL] 09 ALIVE
20180525 10:35:18:    thomas1 NYG|DAL|PHI|TEN|NYJ|WAS|PIT|CAR [BAL] 09 ALIVE
20180525 10:36:18:    thomas1 NYG|DAL|PHI|TEN|NYJ|WAS|PIT|CAR [BAL] 09 ALIVE
20180525 10:37:39:    thomas1 NYG|DAL|PHI|TEN|NYJ|WAS|PIT|CAR|ARI|SEA|GB|LAR|CLE|TB|DEN|ATL|KC [] 18 WINNER
